0 info it worked if it ends with ok
1 verbose cli [ '/usr/local/bin/node',
1 verbose cli   '/usr/local/bin/npm',
1 verbose cli   'install',
1 verbose cli   'meteor-aws-sdk' ]
2 info using npm@1.2.14
3 info using node@v0.10.0
4 verbose read json /home/jonathan/apps/inno_fridays/fry-chat/package.json
5 verbose read json /home/jonathan/apps/inno_fridays/fry-chat/package.json
6 verbose cache add [ 'meteor-aws-sdk', null ]
7 verbose cache add name=undefined spec="meteor-aws-sdk" args=["meteor-aws-sdk",null]
8 verbose parsed url { protocol: null,
8 verbose parsed url   slashes: null,
8 verbose parsed url   auth: null,
8 verbose parsed url   host: null,
8 verbose parsed url   port: null,
8 verbose parsed url   hostname: null,
8 verbose parsed url   hash: null,
8 verbose parsed url   search: null,
8 verbose parsed url   query: null,
8 verbose parsed url   pathname: 'meteor-aws-sdk',
8 verbose parsed url   path: 'meteor-aws-sdk',
8 verbose parsed url   href: 'meteor-aws-sdk' }
9 silly lockFile 038cfc63-meteor-aws-sdk meteor-aws-sdk
10 verbose lock meteor-aws-sdk /home/jonathan/.npm/038cfc63-meteor-aws-sdk.lock
11 silly lockFile 038cfc63-meteor-aws-sdk meteor-aws-sdk
12 silly lockFile 038cfc63-meteor-aws-sdk meteor-aws-sdk
13 verbose addNamed [ 'meteor-aws-sdk', '' ]
14 verbose addNamed [ null, '' ]
15 silly lockFile 407aa506-meteor-aws-sdk meteor-aws-sdk@
16 verbose lock meteor-aws-sdk@ /home/jonathan/.npm/407aa506-meteor-aws-sdk.lock
17 silly addNameRange { name: 'meteor-aws-sdk', range: '', hasData: false }
18 verbose url raw meteor-aws-sdk
19 verbose url resolving [ 'https://registry.npmjs.org/', './meteor-aws-sdk' ]
20 verbose url resolved https://registry.npmjs.org/meteor-aws-sdk
21 info trying registry request attempt 1 at 11:38:04
22 http GET https://registry.npmjs.org/meteor-aws-sdk
23 http 404 https://registry.npmjs.org/meteor-aws-sdk
24 silly registry.get cb [ 404,
24 silly registry.get   { server: 'CouchDB/1.3.1 (Erlang OTP/R15B03)',
24 silly registry.get     date: 'Fri, 08 Nov 2013 16:38:05 GMT',
24 silly registry.get     'content-type': 'application/json',
24 silly registry.get     'content-length': '52',
24 silly registry.get     'cache-control': 'must-revalidate' } ]
25 silly lockFile 407aa506-meteor-aws-sdk meteor-aws-sdk@
26 silly lockFile 407aa506-meteor-aws-sdk meteor-aws-sdk@
27 error 404 'meteor-aws-sdk' is not in the npm registry.
27 error 404 You should bug the author to publish it
27 error 404
27 error 404 Note that you can also install from a
27 error 404 tarball, folder, or http url, or git url.
28 error System Linux 3.2.0-45-generic
29 error command "/usr/local/bin/node" "/usr/local/bin/npm" "install" "meteor-aws-sdk"
30 error cwd /home/jonathan/apps/inno_fridays/fry-chat
31 error node -v v0.10.0
32 error npm -v 1.2.14
33 error code E404
34 verbose exit [ 1, true ]
